{"level":"\u001b[32minfo\u001b[39m","message":"{\"method\":\"POST\",\"url\":\"/api/auth/login\",\"status\":\"404\",\"responseTime\":\"94.380\"}","timestamp":"2024-12-28T16:28:50.895Z"}
{"level":"\u001b[32minfo\u001b[39m","message":"{\"method\":\"POST\",\"url\":\"/api/auth/login\",\"status\":\"404\",\"responseTime\":\"3.804\"}","timestamp":"2024-12-28T16:28:57.949Z"}
{"level":"\u001b[32minfo\u001b[39m","message":"{\"method\":\"POST\",\"url\":\"/api/auth/login\",\"status\":\"404\",\"responseTime\":\"30.444\"}","timestamp":"2024-12-28T16:29:04.910Z"}
{"level":"\u001b[32minfo\u001b[39m","message":"{\"method\":\"POST\",\"url\":\"/api/auth/login\",\"status\":\"400\",\"responseTime\":\"7.784\"}","timestamp":"2024-12-28T16:32:20.025Z"}
{"level":"\u001b[32minfo\u001b[39m","message":"{\"method\":\"POST\",\"url\":\"/api/auth/login\",\"status\":\"404\",\"responseTime\":\"83.116\"}","timestamp":"2024-12-28T16:32:52.350Z"}
{"level":"\u001b[32minfo\u001b[39m","message":"{\"method\":\"POST\",\"url\":\"/api/auth/login\",\"status\":\"400\",\"responseTime\":\"1.904\"}","timestamp":"2024-12-28T16:33:26.993Z"}
{"level":"\u001b[32minfo\u001b[39m","message":"{\"method\":\"POST\",\"url\":\"/api/auth/login\",\"status\":\"404\",\"responseTime\":\"84.678\"}","timestamp":"2024-12-28T16:40:58.621Z"}
{"level":"\u001b[32minfo\u001b[39m","message":"{\"method\":\"POST\",\"url\":\"/api/auth/login\",\"status\":\"404\",\"responseTime\":\"118.680\"}","timestamp":"2024-12-28T16:49:17.404Z"}
{"level":"\u001b[32minfo\u001b[39m","message":"{\"method\":\"POST\",\"url\":\"/api/auth/login\",\"status\":\"504\",\"responseTime\":\"2.445\"}","timestamp":"2024-12-28T16:49:24.859Z"}
{"level":"\u001b[32minfo\u001b[39m","message":"{\"method\":\"POST\",\"url\":\"/api/auth/login\",\"status\":\"504\",\"responseTime\":\"2.129\"}","timestamp":"2024-12-28T16:49:57.699Z"}
{"level":"\u001b[32minfo\u001b[39m","message":"{\"method\":\"POST\",\"url\":\"/api/auth/login\",\"status\":\"504\",\"responseTime\":\"2.286\"}","timestamp":"2024-12-28T16:53:33.450Z"}
{"level":"\u001b[32minfo\u001b[39m","message":"{\"method\":\"POST\",\"url\":\"/api/auth/login\",\"status\":\"504\",\"responseTime\":\"2.205\"}","timestamp":"2024-12-28T16:54:25.567Z"}
{"level":"\u001b[32minfo\u001b[39m","message":"{\"method\":\"POST\",\"url\":\"/api/auth/login\",\"status\":\"400\",\"responseTime\":\"2.385\"}","timestamp":"2024-12-28T16:55:14.689Z"}
{"level":"\u001b[32minfo\u001b[39m","message":"{\"method\":\"POST\",\"url\":\"/api/auth/login\",\"status\":\"504\",\"responseTime\":\"1.894\"}","timestamp":"2024-12-28T16:55:23.390Z"}
{"level":"\u001b[32minfo\u001b[39m","message":"{\"method\":\"POST\",\"url\":\"/api/auth/login\",\"status\":\"504\",\"responseTime\":\"7.093\"}","timestamp":"2024-12-28T16:59:34.477Z"}
{"level":"\u001b[32minfo\u001b[39m","message":"{\"method\":\"POST\",\"url\":\"/api/auth/login\",\"status\":\"504\",\"responseTime\":\"2.736\"}","timestamp":"2024-12-28T17:00:10.152Z"}
{"level":"\u001b[32minfo\u001b[39m","message":"{\"method\":\"POST\",\"url\":\"/api/auth/signup\",\"status\":\"201\",\"responseTime\":\"178.672\"}","timestamp":"2024-12-28T17:01:23.700Z"}
{"level":"\u001b[32minfo\u001b[39m","message":"{\"method\":\"POST\",\"url\":\"/api/auth/login\",\"status\":\"201\",\"responseTime\":\"92.393\"}","timestamp":"2024-12-28T17:01:38.715Z"}
{"level":"\u001b[32minfo\u001b[39m","message":"{\"method\":\"POST\",\"url\":\"/api/auth/login\",\"status\":\"504\",\"responseTime\":\"2.907\"}","timestamp":"2024-12-28T17:01:58.321Z"}
{"level":"\u001b[32minfo\u001b[39m","message":"{\"method\":\"POST\",\"url\":\"/api/auth/login\",\"status\":\"201\",\"responseTime\":\"85.483\"}","timestamp":"2024-12-28T17:02:20.601Z"}
{"level":"\u001b[32minfo\u001b[39m","message":"{\"method\":\"POST\",\"url\":\"/api/auth/login\",\"status\":\"201\",\"responseTime\":\"126.655\"}","timestamp":"2024-12-28T17:02:53.191Z"}
{"level":"\u001b[32minfo\u001b[39m","message":"{\"method\":\"POST\",\"url\":\"/api/auth/login\",\"status\":\"201\",\"responseTime\":\"207.204\"}","timestamp":"2024-12-28T17:21:03.058Z"}
{"level":"\u001b[32minfo\u001b[39m","message":"{\"method\":\"GET\",\"url\":\"/api/auth/\",\"status\":\"201\",\"responseTime\":\"8.778\"}","timestamp":"2024-12-28T17:21:14.353Z"}
{"level":"\u001b[32minfo\u001b[39m","message":"{\"method\":\"GET\",\"url\":\"/api/auth/\",\"status\":\"401\",\"responseTime\":\"2.715\"}","timestamp":"2024-12-28T17:21:24.320Z"}
{"level":"\u001b[32minfo\u001b[39m","message":"{\"method\":\"GET\",\"url\":\"/api/auth/\",\"status\":\"201\",\"responseTime\":\"9.898\"}","timestamp":"2024-12-28T17:21:27.953Z"}
{"level":"\u001b[31merror\u001b[39m","timestamp":"2024-12-29T13:39:16.574Z"}
{"level":"\u001b[32minfo\u001b[39m","message":"{\"method\":\"POST\",\"url\":\"/api/auth/login\",\"status\":\"504\",\"responseTime\":\"15.196\"}","timestamp":"2024-12-29T13:39:16.577Z"}
{"level":"\u001b[31merror\u001b[39m","timestamp":"2024-12-29T13:39:49.160Z"}
{"level":"\u001b[32minfo\u001b[39m","message":"{\"method\":\"POST\",\"url\":\"/api/auth/login\",\"status\":\"504\",\"responseTime\":\"2.227\"}","timestamp":"2024-12-29T13:39:49.162Z"}
{"level":"\u001b[31merror\u001b[39m","timestamp":"2024-12-29T13:41:48.494Z"}
{"level":"\u001b[32minfo\u001b[39m","message":"{\"method\":\"POST\",\"url\":\"/api/auth/login\",\"status\":\"504\",\"responseTime\":\"4.114\"}","timestamp":"2024-12-29T13:41:48.500Z"}
{"level":"\u001b[31merror\u001b[39m","timestamp":"2024-12-29T13:41:49.764Z"}
{"level":"\u001b[32minfo\u001b[39m","message":"{\"method\":\"POST\",\"url\":\"/api/auth/login\",\"status\":\"504\",\"responseTime\":\"1.644\"}","timestamp":"2024-12-29T13:41:49.765Z"}
{"level":"\u001b[31merror\u001b[39m","timestamp":"2024-12-29T13:44:22.553Z"}
{"level":"\u001b[32minfo\u001b[39m","message":"{\"method\":\"POST\",\"url\":\"/api/auth/login\",\"status\":\"504\",\"responseTime\":\"2.810\"}","timestamp":"2024-12-29T13:44:22.555Z"}
{"level":"\u001b[31merror\u001b[39m","timestamp":"2024-12-29T13:44:37.369Z"}
{"level":"\u001b[32minfo\u001b[39m","message":"{\"method\":\"POST\",\"url\":\"/api/auth/login\",\"status\":\"504\",\"responseTime\":\"1.711\"}","timestamp":"2024-12-29T13:44:37.373Z"}
{"level":"\u001b[31merror\u001b[39m","timestamp":"2024-12-29T13:45:04.772Z"}
{"level":"\u001b[32minfo\u001b[39m","message":"{\"method\":\"POST\",\"url\":\"/api/auth/login\",\"status\":\"504\",\"responseTime\":\"4.178\"}","timestamp":"2024-12-29T13:45:04.775Z"}
{"level":"\u001b[31merror\u001b[39m","timestamp":"2024-12-29T13:48:46.143Z"}
{"level":"\u001b[32minfo\u001b[39m","message":"{\"method\":\"POST\",\"url\":\"/api/auth/login\",\"status\":\"504\",\"responseTime\":\"20.382\"}","timestamp":"2024-12-29T13:48:46.148Z"}
{"level":"\u001b[31merror\u001b[39m","timestamp":"2024-12-29T13:57:33.275Z"}
{"level":"\u001b[32minfo\u001b[39m","message":"{\"method\":\"POST\",\"url\":\"/api/auth/login\",\"status\":\"504\",\"responseTime\":\"3.902\"}","timestamp":"2024-12-29T13:57:33.277Z"}
{"level":"\u001b[31merror\u001b[39m","timestamp":"2024-12-29T13:57:34.452Z"}
{"level":"\u001b[32minfo\u001b[39m","message":"{\"method\":\"POST\",\"url\":\"/api/auth/login\",\"status\":\"504\",\"responseTime\":\"1.061\"}","timestamp":"2024-12-29T13:57:34.453Z"}
{"level":"\u001b[31merror\u001b[39m","message":"Required","timestamp":"2024-12-29T14:00:08.278Z"}
{"level":"\u001b[32minfo\u001b[39m","message":"{\"method\":\"POST\",\"url\":\"/api/auth/login\",\"status\":\"504\",\"responseTime\":\"8.508\"}","timestamp":"2024-12-29T14:00:08.283Z"}
{"level":"\u001b[31merror\u001b[39m","message":"Required","timestamp":"2024-12-29T14:00:12.350Z"}
{"level":"\u001b[32minfo\u001b[39m","message":"{\"method\":\"POST\",\"url\":\"/api/auth/login\",\"status\":\"504\",\"responseTime\":\"3.923\"}","timestamp":"2024-12-29T14:00:12.351Z"}
{"level":"\u001b[31merror\u001b[39m","message":{},"timestamp":"2024-12-29T14:07:32.492Z"}
{"level":"\u001b[32minfo\u001b[39m","message":"{\"method\":\"POST\",\"url\":\"/api/auth/login\",\"status\":\"504\",\"responseTime\":\"8.261\"}","timestamp":"2024-12-29T14:07:32.497Z"}
{"level":"\u001b[31merror\u001b[39m","message":{},"timestamp":"2024-12-29T14:07:35.601Z"}
{"level":"\u001b[32minfo\u001b[39m","message":"{\"method\":\"POST\",\"url\":\"/api/auth/login\",\"status\":\"504\",\"responseTime\":\"2.784\"}","timestamp":"2024-12-29T14:07:35.603Z"}
{"level":"\u001b[31merror\u001b[39m","message":{},"timestamp":"2024-12-29T14:08:37.194Z"}
{"level":"\u001b[32minfo\u001b[39m","message":"{\"method\":\"POST\",\"url\":\"/api/auth/login\",\"status\":\"504\",\"responseTime\":\"63.779\"}","timestamp":"2024-12-29T14:08:37.200Z"}
{"level":"\u001b[31merror\u001b[39m","message":{"password":"Required"},"timestamp":"2024-12-29T14:09:30.649Z"}
{"level":"\u001b[32minfo\u001b[39m","message":"{\"method\":\"POST\",\"url\":\"/api/auth/login\",\"status\":\"504\",\"responseTime\":\"49.886\"}","timestamp":"2024-12-29T14:09:30.677Z"}
{"level":"\u001b[31merror\u001b[39m","message":{"email":"Required"},"timestamp":"2024-12-29T14:09:48.100Z"}
{"level":"\u001b[32minfo\u001b[39m","message":"{\"method\":\"POST\",\"url\":\"/api/auth/login\",\"status\":\"504\",\"responseTime\":\"5.885\"}","timestamp":"2024-12-29T14:09:48.104Z"}
{"level":"\u001b[32minfo\u001b[39m","message":"{\"method\":\"POST\",\"url\":\"/api/auth/login\",\"status\":\"201\",\"responseTime\":\"127.658\"}","timestamp":"2024-12-29T14:09:52.908Z"}
{"level":"\u001b[31merror\u001b[39m","message":{"email":"Required","password":"Required"},"timestamp":"2024-12-29T14:13:45.312Z"}
{"level":"\u001b[32minfo\u001b[39m","message":"{\"method\":\"POST\",\"url\":\"/api/auth/signup\",\"status\":\"504\",\"responseTime\":\"37.801\"}","timestamp":"2024-12-29T14:13:45.317Z"}
